<?xml version="1.0" encoding="UTF-8"?>
<!-- Generated by org.testng.reporters.JUnitXMLReporter -->
<testsuite hostname="LAPTOP-KNLIASVN" ignored="0" name="Login Test" tests="3" failures="0" timestamp="2022-12-14T00:28:24 IST" time="38.779" errors="0">
  <testcase name="UserSholdLoginSuccessfullyWithValidCredentials" time="0.954" classname="com.herokuapp.testsuite.LoginPageTest"/>
  <testcase name="verifyThePasswordErrorMessage" time="0.895" classname="com.herokuapp.testsuite.LoginPageTest"/>
  <testcase name="verifyTheUsernameErrorMessage" time="0.894" classname="com.herokuapp.testsuite.LoginPageTest"/>
</testsuite> <!-- Login Test -->
